<?xml version="1.0" encoding="UTF-8"?>
<!-- Generated by org.testng.reporters.JUnitXMLReporter -->
<testsuite ignored="0" hostname="DESKTOP-IRP8CU6" failures="0" tests="2" name="Default test" time="38.114" errors="0" timestamp="2025-03-25T08:45:44 GMT">
  <testcase classname="Campaign_Test_Cases.Create_Campaign_Tests" name="Create_Campaign_WithCloseDate_TC1" time="12.871"/>
  <testcase classname="Campaign_Test_Cases.Create_Campaign_Tests" name="createCampaignWithout_CloseDate_TC2" time="10.36"/>
</testsuite> <!-- Default test -->
