<?xml version="1.0" encoding="UTF-8"?>
<!-- Generated by org.testng.reporters.JUnitXMLReporter -->
<testsuite ignored="4" hostname="DESKTOP-IRP8CU6" failures="0" tests="3" name="Test2" time="4.477" errors="0" timestamp="2025-03-21T08:05:47 GMT">
  <testcase classname="Contact_Test_Cases.CreatE_ContactWithCampaign" name="createContactWithCampaign_TC1" time="0.0">
    <skipped/>
  </testcase> <!-- createContactWithCampaign_TC1 -->
  <testcase classname="Campaign_Test_Cases.Create_Campaign_Tests" name="Create_Campaign_WithCloseDate_TC1" time="0.0">
    <skipped/>
  </testcase> <!-- Create_Campaign_WithCloseDate_TC1 -->
  <testcase classname="Campaign_Test_Cases.Create_Campaign_Tests" name="createCampaignWithout_CloseDate_TC2" time="0.001">
    <skipped/>
  </testcase> <!-- createCampaignWithout_CloseDate_TC2 -->
  <testcase classname="GenericBaseClassUtility.BaseClass" name="@BeforeSuite beforeSuite" time="0.0">
    <ignored/>
  </testcase> <!-- @BeforeSuite beforeSuite -->
  <testcase classname="GenericBaseClassUtility.BaseClass" name="@BeforeTest beforeTest" time="0.0">
    <ignored/>
  </testcase> <!-- @BeforeTest beforeTest -->
  <testcase classname="GenericBaseClassUtility.BaseClass" name="@AfterSuite afterSuit" time="0.0">
    <ignored/>
  </testcase> <!-- @AfterSuite afterSuit -->
  <testcase classname="GenericBaseClassUtility.BaseClass" name="@AfterTest afterTest" time="0.0">
    <ignored/>
  </testcase> <!-- @AfterTest afterTest -->
</testsuite> <!-- Test2 -->
