<?xml version="1.0" encoding="UTF-8"?>
<testng-results ignored="0" total="1" passed="1" failed="0" skipped="0">
  <reporter-output>
  </reporter-output>
  <suite started-at="2025-03-25T09:25:26 GMT" name="Default suite" finished-at="2025-03-25T09:26:04 GMT" duration-ms="38016">
    <groups>
      <group name="regressionTest">
        <method signature="CreatE_ContactWithCampaign.createContactWithCampaignTest()[pri:0, instance:Contact_Test_Cases.CreatE_ContactWithCampaign@3cd3e762]" name="createContactWithCampaignTest" class="Contact_Test_Cases.CreatE_ContactWithCampaign"/>
      </group> <!-- regressionTest -->
    </groups>
    <test started-at="2025-03-25T09:25:26 GMT" name="Default test" finished-at="2025-03-25T09:26:04 GMT" duration-ms="38016">
      <class name="Contact_Test_Cases.CreatE_ContactWithCampaign">
        <test-method is-config="true" signature="beforeSuite()[pri:0, instance:Contact_Test_Cases.CreatE_ContactWithCampaign@3cd3e762]" started-at="2025-03-25T09:25:26 GMT" name="beforeSuite" finished-at="2025-03-25T09:25:26 GMT" duration-ms="32" status="PASS">
          <reporter-output>
          </reporter-output>
        </test-method> <!-- beforeSuite -->
        <test-method is-config="true" signature="beforeTest()[pri:0, instance:Contact_Test_Cases.CreatE_ContactWithCampaign@3cd3e762]" started-at="2025-03-25T09:25:26 GMT" name="beforeTest" finished-at="2025-03-25T09:25:26 GMT" duration-ms="1" status="PASS">
          <reporter-output>
          </reporter-output>
        </test-method> <!-- beforeTest -->
        <test-method is-config="true" signature="beforeClass()[pri:0, instance:Contact_Test_Cases.CreatE_ContactWithCampaign@3cd3e762]" started-at="2025-03-25T09:25:26 GMT" name="beforeClass" finished-at="2025-03-25T09:25:31 GMT" duration-ms="4822" status="PASS">
          <reporter-output>
          </reporter-output>
        </test-method> <!-- beforeClass -->
        <test-method is-config="true" signature="beforeMethod()[pri:0, instance:Contact_Test_Cases.CreatE_ContactWithCampaign@3cd3e762]" started-at="2025-03-25T09:25:31 GMT" name="beforeMethod" finished-at="2025-03-25T09:25:36 GMT" duration-ms="4631" status="PASS">
          <reporter-output>
          </reporter-output>
        </test-method> <!-- beforeMethod -->
        <test-method signature="createContactWithCampaignTest()[pri:0, instance:Contact_Test_Cases.CreatE_ContactWithCampaign@3cd3e762]" started-at="2025-03-25T09:25:36 GMT" name="createContactWithCampaignTest" finished-at="2025-03-25T09:26:03 GMT" duration-ms="27627" status="PASS">
          <reporter-output>
          </reporter-output>
        </test-method> <!-- createContactWithCampaignTest -->
        <test-method is-config="true" signature="afterMethod()[pri:0, instance:Contact_Test_Cases.CreatE_ContactWithCampaign@3cd3e762]" started-at="2025-03-25T09:26:03 GMT" name="afterMethod" finished-at="2025-03-25T09:26:03 GMT" duration-ms="203" status="PASS">
          <reporter-output>
          </reporter-output>
        </test-method> <!-- afterMethod -->
        <test-method is-config="true" signature="afterClass()[pri:0, instance:Contact_Test_Cases.CreatE_ContactWithCampaign@3cd3e762]" started-at="2025-03-25T09:26:03 GMT" name="afterClass" finished-at="2025-03-25T09:26:04 GMT" duration-ms="614" status="PASS">
          <reporter-output>
          </reporter-output>
        </test-method> <!-- afterClass -->
        <test-method is-config="true" signature="afterTest()[pri:0, instance:Contact_Test_Cases.CreatE_ContactWithCampaign@3cd3e762]" started-at="2025-03-25T09:26:04 GMT" name="afterTest" finished-at="2025-03-25T09:26:04 GMT" duration-ms="1" status="PASS">
          <reporter-output>
          </reporter-output>
        </test-method> <!-- afterTest -->
        <test-method is-config="true" signature="afterSuit()[pri:0, instance:Contact_Test_Cases.CreatE_ContactWithCampaign@3cd3e762]" started-at="2025-03-25T09:26:04 GMT" name="afterSuit" finished-at="2025-03-25T09:26:04 GMT" duration-ms="3" status="PASS">
          <reporter-output>
          </reporter-output>
        </test-method> <!-- afterSuit -->
      </class> <!-- Contact_Test_Cases.CreatE_ContactWithCampaign -->
    </test> <!-- Default test -->
  </suite> <!-- Default suite -->
</testng-results>
